android/app/build/intermediates/manifest_merge_blame_file/debug/manifest-merger-blame-debug-report.txt
1<?xml version="1.0" encoding="utf-8"?>
2<manifest xmlns:android="http://schemas.android.com/apk/res/android"
3    package="com.eveels.app"
4    android:versionCode="1"
5    android:versionName="1.0.0" >
6
7    <uses-sdk
8        android:minSdkVersion="21"
9        android:targetSdkVersion="30" />
10
11    <uses-permission android:name="android.permission.SYSTEM_ALERT_WINDOW" />
11-->src/main/AndroidManifest.xml:8:3-75
11-->src/main/AndroidManifest.xml:8:20-73
12    <uses-permission android:name="android.permission.ACCESS_COARSE_LOCATION" />
12-->src/main/AndroidManifest.xml:2:3-78
12-->src/main/AndroidManifest.xml:2:20-76
13    <uses-permission android:name="android.permission.ACCESS_FINE_LOCATION" />
13-->src/main/AndroidManifest.xml:3:3-76
13-->src/main/AndroidManifest.xml:3:20-74
14    <uses-permission android:name="android.permission.FOREGROUND_SERVICE" />
14-->src/main/AndroidManifest.xml:4:3-74
14-->src/main/AndroidManifest.xml:4:20-72
15    <uses-permission android:name="android.permission.INTERNET" />
15-->src/main/AndroidManifest.xml:5:3-64
15-->src/main/AndroidManifest.xml:5:20-62
16    <uses-permission android:name="android.permission.READ_CONTACTS" />
16-->src/main/AndroidManifest.xml:6:3-69
16-->src/main/AndroidManifest.xml:6:20-67
17    <uses-permission android:name="android.permission.READ_EXTERNAL_STORAGE" />
17-->src/main/AndroidManifest.xml:7:3-77
17-->src/main/AndroidManifest.xml:7:20-75
18    <uses-permission android:name="android.permission.VIBRATE" />
18-->src/main/AndroidManifest.xml:9:3-63
18-->src/main/AndroidManifest.xml:9:20-61
19    <uses-permission android:name="android.permission.WRITE_CONTACTS" />
19-->src/main/AndroidManifest.xml:10:3-70
19-->src/main/AndroidManifest.xml:10:20-68
20    <uses-permission android:name="android.permission.WRITE_EXTERNAL_STORAGE" />
20-->src/main/AndroidManifest.xml:11:3-78
20-->src/main/AndroidManifest.xml:11:20-76
21
22    <queries>
22-->src/main/AndroidManifest.xml:12:3-18:13
23        <intent>
23-->src/main/AndroidManifest.xml:13:5-17:14
24            <action android:name="android.intent.action.VIEW" />
24-->src/main/AndroidManifest.xml:14:7-58
24-->src/main/AndroidManifest.xml:14:15-56
25
26            <category android:name="android.intent.category.BROWSABLE" />
26-->src/main/AndroidManifest.xml:15:7-67
26-->src/main/AndroidManifest.xml:15:17-65
27
28            <data android:scheme="https" />
28-->src/main/AndroidManifest.xml:16:7-37
28-->src/main/AndroidManifest.xml:16:13-35
29        </intent>
30        <intent>
30-->[:expo-contacts] AndroidManifest.xml:12:9-18:18
31            <action android:name="android.intent.action.SEND" />
31-->[:expo-contacts] AndroidManifest.xml:13:13-65
31-->[:expo-contacts] AndroidManifest.xml:13:21-62
32
33            <category android:name="android.intent.category.DEFAULT" />
33-->src/main/AndroidManifest.xml:33:9-67
33-->src/main/AndroidManifest.xml:33:19-65
34
35            <data android:mimeType="application/octet-stream" />
35-->src/main/AndroidManifest.xml:16:7-37
36        </intent>
37        <intent>
37-->[:expo-contacts] AndroidManifest.xml:19:9-25:18
38            <action android:name="android.intent.action.SEND" />
38-->[:expo-contacts] AndroidManifest.xml:13:13-65
38-->[:expo-contacts] AndroidManifest.xml:13:21-62
39
40            <category android:name="android.intent.category.DEFAULT" />
40-->src/main/AndroidManifest.xml:33:9-67
40-->src/main/AndroidManifest.xml:33:19-65
41
42            <data android:mimeType="text/x-vcard" />
42-->src/main/AndroidManifest.xml:16:7-37
43        </intent>
44        <intent>
44-->[:expo-contacts] AndroidManifest.xml:26:9-32:18
45            <action android:name="android.intent.action.SEND" />
45-->[:expo-contacts] AndroidManifest.xml:13:13-65
45-->[:expo-contacts] AndroidManifest.xml:13:21-62
46
47            <category android:name="android.intent.category.DEFAULT" />
47-->src/main/AndroidManifest.xml:33:9-67
47-->src/main/AndroidManifest.xml:33:19-65
48
49            <data android:mimeType="text/vcard" />
49-->src/main/AndroidManifest.xml:16:7-37
50        </intent>
51        <intent>
51-->[:expo-contacts] AndroidManifest.xml:33:9-35:18
52            <action android:name="android.intent.action.EDIT" />
52-->[:expo-contacts] AndroidManifest.xml:34:13-65
52-->[:expo-contacts] AndroidManifest.xml:34:21-62
53        </intent>
54        <intent>
54-->[:expo-contacts] AndroidManifest.xml:36:9-38:18
55            <action android:name="android.intent.action.INSERT" />
55-->[:expo-contacts] AndroidManifest.xml:37:13-67
55-->[:expo-contacts] AndroidManifest.xml:37:21-64
56        </intent> <!-- Query open documents -->
57        <intent>
57-->[:expo-file-system] AndroidManifest.xml:19:9-21:18
58            <action android:name="android.intent.action.OPEN_DOCUMENT_TREE" />
58-->[:expo-file-system] AndroidManifest.xml:20:13-79
58-->[:expo-file-system] AndroidManifest.xml:20:21-76
59        </intent>
60        <intent>
60-->[:expo-web-browser] AndroidManifest.xml:12:9-16:18
61
62            <!-- Required for opening tabs if targeting API 30 -->
63            <action android:name="android.support.customtabs.action.CustomTabsService" />
63-->[:expo-web-browser] AndroidManifest.xml:15:13-90
63-->[:expo-web-browser] AndroidManifest.xml:15:21-87
64        </intent>
65    </queries>
66
67    <uses-permission android:name="android.permission.ACCESS_WIFI_STATE" />
67-->[com.facebook.flipper:flipper:0.54.0] AndroidManifest.xml:16:5-76
67-->[com.facebook.flipper:flipper:0.54.0] AndroidManifest.xml:16:22-73
68    <uses-permission android:name="android.permission.WAKE_LOCK" />
68-->[:react-native-firebase_auth] AndroidManifest.xml:12:5-68
68-->[:react-native-firebase_auth] AndroidManifest.xml:12:22-65
69    <uses-permission android:name="android.permission.ACCESS_NETWORK_STATE" />
69-->[:react-native-firebase_auth] AndroidManifest.xml:13:5-79
69-->[:react-native-firebase_auth] AndroidManifest.xml:13:22-76
70    <uses-permission android:name="android.permission.READ_PHONE_STATE" />
71
72    <uses-feature
72-->[com.google.android.gms:play-services-maps:17.0.0] AndroidManifest.xml:26:5-28:35
73        android:glEsVersion="0x00020000"
73-->[com.google.android.gms:play-services-maps:17.0.0] AndroidManifest.xml:27:9-41
74        android:required="true" />
74-->[com.google.android.gms:play-services-maps:17.0.0] AndroidManifest.xml:28:9-32
75
76    <uses-permission android:name="com.google.android.finsky.permission.BIND_GET_INSTALL_REFERRER_SERVICE" />
76-->[com.google.android.gms:play-services-measurement:20.0.0] AndroidManifest.xml:26:5-110
76-->[com.google.android.gms:play-services-measurement:20.0.0] AndroidManifest.xml:26:22-107
77    <uses-permission android:name="com.google.android.providers.gsf.permission.READ_GSERVICES" />
77-->[io.nlopez.smartlocation:library:3.2.11] AndroidManifest.xml:15:5-98
77-->[io.nlopez.smartlocation:library:3.2.11] AndroidManifest.xml:15:22-95
78    <uses-permission android:name="com.google.android.gms.permission.ACTIVITY_RECOGNITION" />
78-->[io.nlopez.smartlocation:library:3.2.11] AndroidManifest.xml:16:5-94
78-->[io.nlopez.smartlocation:library:3.2.11] AndroidManifest.xml:16:22-91
79
80    <application
80-->src/main/AndroidManifest.xml:19:3-41:17
81        android:name="com.eveels.app.MainApplication"
81-->src/main/AndroidManifest.xml:19:16-47
82        android:allowBackup="true"
82-->src/main/AndroidManifest.xml:19:162-188
83        android:appComponentFactory="androidx.core.app.CoreComponentFactory"
83-->[androidx.core:core:1.6.0] AndroidManifest.xml:24:18-86
84        android:debuggable="true"
85        android:icon="@mipmap/ic_launcher"
85-->src/main/AndroidManifest.xml:19:81-115
86        android:label="@string/app_name"
86-->src/main/AndroidManifest.xml:19:48-80
87        android:roundIcon="@mipmap/ic_launcher_round"
87-->src/main/AndroidManifest.xml:19:116-161
88        android:supportsRtl="true"
88-->[com.facebook.android:facebook-login:9.0.0] AndroidManifest.xml:28:18-44
89        android:theme="@style/AppTheme"
89-->src/main/AndroidManifest.xml:19:189-220
90        android:usesCleartextTraffic="true" >
90-->src/main/AndroidManifest.xml:19:221-256
91        <meta-data
91-->src/main/AndroidManifest.xml:20:5-119
92            android:name="com.google.android.geo.API_KEY"
92-->src/main/AndroidManifest.xml:20:16-61
93            android:value="AIzaSyDsDKH-37DS6ZnGY_oIi7t5YE0oAAZ-V88" />
93-->src/main/AndroidManifest.xml:20:62-117
94        <meta-data
94-->src/main/AndroidManifest.xml:21:5-82
95            android:name="expo.modules.updates.ENABLED"
95-->src/main/AndroidManifest.xml:21:16-59
96            android:value="true" />
96-->src/main/AndroidManifest.xml:21:60-80
97        <meta-data
97-->src/main/AndroidManifest.xml:22:5-93
98            android:name="expo.modules.updates.EXPO_SDK_VERSION"
98-->src/main/AndroidManifest.xml:22:16-68
99            android:value="44.0.0" />
99-->src/main/AndroidManifest.xml:22:69-91
100        <meta-data
100-->src/main/AndroidManifest.xml:23:5-105
101            android:name="expo.modules.updates.EXPO_UPDATES_CHECK_ON_LAUNCH"
101-->src/main/AndroidManifest.xml:23:16-80
102            android:value="ALWAYS" />
102-->src/main/AndroidManifest.xml:23:81-103
103        <meta-data
103-->src/main/AndroidManifest.xml:24:5-99
104            android:name="expo.modules.updates.EXPO_UPDATES_LAUNCH_WAIT_MS"
104-->src/main/AndroidManifest.xml:24:16-79
105            android:value="0" />
105-->src/main/AndroidManifest.xml:24:80-97
106        <meta-data
106-->src/main/AndroidManifest.xml:25:5-122
107            android:name="expo.modules.updates.EXPO_UPDATE_URL"
107-->src/main/AndroidManifest.xml:25:16-67
108            android:value="https://exp.host/@curodev/Eveels-App" />
108-->src/main/AndroidManifest.xml:25:68-120
109
110        <activity
110-->src/main/AndroidManifest.xml:26:5-38:16
111            android:name="com.eveels.app.MainActivity"
111-->src/main/AndroidManifest.xml:26:15-43
112            android:configChanges="keyboard|keyboardHidden|orientation|screenSize|uiMode"
112-->src/main/AndroidManifest.xml:26:77-154
113            android:label="@string/app_name"
113-->src/main/AndroidManifest.xml:26:44-76
114            android:launchMode="singleTask"
114-->src/main/AndroidManifest.xml:26:155-186
115            android:screenOrientation="portrait"
115-->src/main/AndroidManifest.xml:26:276-312
116            android:theme="@style/Theme.App.SplashScreen"
116-->src/main/AndroidManifest.xml:26:230-275
117            android:windowSoftInputMode="adjustResize" >
117-->src/main/AndroidManifest.xml:26:187-229
118            <intent-filter>
118-->src/main/AndroidManifest.xml:27:7-30:23
119                <action android:name="android.intent.action.MAIN" />
119-->src/main/AndroidManifest.xml:28:9-60
119-->src/main/AndroidManifest.xml:28:17-58
120
121                <category android:name="android.intent.category.LAUNCHER" />
121-->src/main/AndroidManifest.xml:29:9-68
121-->src/main/AndroidManifest.xml:29:19-66
122            </intent-filter>
123            <intent-filter>
123-->src/main/AndroidManifest.xml:31:7-37:23
124                <action android:name="android.intent.action.VIEW" />
124-->src/main/AndroidManifest.xml:14:7-58
124-->src/main/AndroidManifest.xml:14:15-56
125
126                <category android:name="android.intent.category.DEFAULT" />
126-->src/main/AndroidManifest.xml:33:9-67
126-->src/main/AndroidManifest.xml:33:19-65
127                <category android:name="android.intent.category.BROWSABLE" />
127-->src/main/AndroidManifest.xml:15:7-67
127-->src/main/AndroidManifest.xml:15:17-65
128
129                <data android:scheme="https" />
129-->src/main/AndroidManifest.xml:16:7-37
129-->src/main/AndroidManifest.xml:16:13-35
130                <data android:scheme="com.eveels.app" />
130-->src/main/AndroidManifest.xml:16:7-37
130-->src/main/AndroidManifest.xml:16:13-35
131            </intent-filter>
132        </activity>
133        <activity android:name="com.facebook.react.devsupport.DevSettingsActivity" />
133-->src/main/AndroidManifest.xml:39:5-81
133-->src/main/AndroidManifest.xml:39:15-79
134
135        <uses-library
135-->src/main/AndroidManifest.xml:40:5-83
136            android:name="org.apache.http.legacy"
136-->src/main/AndroidManifest.xml:40:19-56
137            android:required="false" />
137-->src/main/AndroidManifest.xml:40:57-81
138
139        <meta-data
139-->[:react-native-firebase_app] AndroidManifest.xml:12:9-14:36
140            android:name="app_data_collection_default_enabled"
140-->[:react-native-firebase_app] AndroidManifest.xml:13:13-63
141            android:value="true" />
141-->[:react-native-firebase_app] AndroidManifest.xml:14:13-33
142
143        <service
143-->[:react-native-firebase_app] AndroidManifest.xml:16:9-20:19
144            android:name="com.google.firebase.components.ComponentDiscoveryService"
144-->[:react-native-firebase_app] AndroidManifest.xml:16:18-89
145            android:directBootAware="true"
145-->[com.google.firebase:firebase-common:20.0.0] AndroidManifest.xml:35:13-43
146            android:exported="false" >
146-->[com.google.firebase:firebase-auth:21.0.1] AndroidManifest.xml:76:13-37
147            <meta-data
147-->[:react-native-firebase_app] AndroidManifest.xml:17:13-19:85
148                android:name="com.google.firebase.components:io.invertase.firebase.app.ReactNativeFirebaseAppRegistrar"
148-->[:react-native-firebase_app] AndroidManifest.xml:18:17-120
149                android:value="com.google.firebase.components.ComponentRegistrar" />
149-->[:react-native-firebase_app] AndroidManifest.xml:19:17-82
150            <meta-data
150-->[com.google.firebase:firebase-auth:21.0.1] AndroidManifest.xml:77:13-79:85
151                android:name="com.google.firebase.components:com.google.firebase.auth.FirebaseAuthRegistrar"
151-->[com.google.firebase:firebase-auth:21.0.1] AndroidManifest.xml:78:17-109
152                android:value="com.google.firebase.components.ComponentRegistrar" />
152-->[com.google.firebase:firebase-auth:21.0.1] AndroidManifest.xml:79:17-82
153            <meta-data
153-->[com.google.android.gms:play-services-measurement-api:20.0.0] AndroidManifest.xml:30:13-32:85
154                android:name="com.google.firebase.components:com.google.firebase.analytics.connector.internal.AnalyticsConnectorRegistrar"
154-->[com.google.android.gms:play-services-measurement-api:20.0.0] AndroidManifest.xml:31:17-139
155                android:value="com.google.firebase.components.ComponentRegistrar" />
155-->[com.google.android.gms:play-services-measurement-api:20.0.0] AndroidManifest.xml:32:17-82
156            <meta-data
156-->[com.google.firebase:firebase-installations:17.0.0] AndroidManifest.xml:18:13-20:85
157                android:name="com.google.firebase.components:com.google.firebase.installations.FirebaseInstallationsRegistrar"
157-->[com.google.firebase:firebase-installations:17.0.0] AndroidManifest.xml:19:17-127
158                android:value="com.google.firebase.components.ComponentRegistrar" />
158-->[com.google.firebase:firebase-installations:17.0.0] AndroidManifest.xml:20:17-82
159        </service>
160
161        <provider
161-->[:react-native-firebase_app] AndroidManifest.xml:22:9-26:38
162            android:name="io.invertase.firebase.app.ReactNativeFirebaseAppInitProvider"
162-->[:react-native-firebase_app] AndroidManifest.xml:23:13-88
163            android:authorities="com.eveels.app.reactnativefirebaseappinitprovider"
163-->[:react-native-firebase_app] AndroidManifest.xml:24:13-86
164            android:exported="false"
164-->[:react-native-firebase_app] AndroidManifest.xml:25:13-37
165            android:initOrder="99" />
165-->[:react-native-firebase_app] AndroidManifest.xml:26:13-35
166        <provider
166-->[:react-native-webview] AndroidManifest.xml:12:9-20:20
167            android:name="com.reactnativecommunity.webview.RNCWebViewFileProvider"
167-->[:react-native-webview] AndroidManifest.xml:13:13-83
168            android:authorities="com.eveels.app.fileprovider"
168-->[:react-native-webview] AndroidManifest.xml:14:13-64
169            android:exported="false"
169-->[:react-native-webview] AndroidManifest.xml:15:13-37
170            android:grantUriPermissions="true" >
170-->[:react-native-webview] AndroidManifest.xml:16:13-47
171            <meta-data
171-->[:react-native-webview] AndroidManifest.xml:17:13-19:63
172                android:name="android.support.FILE_PROVIDER_PATHS"
172-->[:react-native-webview] AndroidManifest.xml:18:17-67
173                android:resource="@xml/file_provider_paths" />
173-->[:react-native-webview] AndroidManifest.xml:19:17-60
174        </provider>
175
176        <activity
176-->[:expo-app-auth] AndroidManifest.xml:12:9-16:75
177            android:name="expo.modules.appauth.AppAuthBrowserActivity"
177-->[:expo-app-auth] AndroidManifest.xml:13:13-71
178            android:exported="false"
178-->[:expo-app-auth] AndroidManifest.xml:14:13-37
179            android:launchMode="singleTask"
179-->[:expo-app-auth] AndroidManifest.xml:15:13-44
180            android:theme="@android:style/Theme.Translucent.NoTitleBar" />
180-->[:expo-app-auth] AndroidManifest.xml:16:13-72
181
182        <provider
182-->[:expo-file-system] AndroidManifest.xml:25:9-34:20
183            android:name="expo.modules.filesystem.FileSystemFileProvider"
183-->[:expo-file-system] AndroidManifest.xml:26:13-74
184            android:authorities="com.eveels.app.FileSystemFileProvider"
184-->[:expo-file-system] AndroidManifest.xml:27:13-74
185            android:exported="false"
185-->[:expo-file-system] AndroidManifest.xml:28:13-37
186            android:grantUriPermissions="true" >
186-->[:expo-file-system] AndroidManifest.xml:29:13-47
187            <meta-data
187-->[:react-native-webview] AndroidManifest.xml:17:13-19:63
188                android:name="android.support.FILE_PROVIDER_PATHS"
188-->[:react-native-webview] AndroidManifest.xml:18:17-67
189                android:resource="@xml/file_system_provider_paths" />
189-->[:react-native-webview] AndroidManifest.xml:19:17-60
190        </provider>
191
192        <service
192-->[:expo-location] AndroidManifest.xml:16:9-19:56
193            android:name="expo.modules.location.services.LocationTaskService"
193-->[:expo-location] AndroidManifest.xml:17:13-78
194            android:exported="false"
194-->[:expo-location] AndroidManifest.xml:18:13-37
195            android:foregroundServiceType="location" />
195-->[:expo-location] AndroidManifest.xml:19:13-53
196
197        <meta-data
197-->[:expo-modules-core] AndroidManifest.xml:12:9-14:89
198            android:name="org.unimodules.core.AppLoader#react-native-headless"
198-->[:expo-modules-core] AndroidManifest.xml:13:13-79
199            android:value="expo.modules.adapters.react.apploader.RNHeadlessAppLoader" />
199-->[:expo-modules-core] AndroidManifest.xml:14:13-86
200
201        <activity
201-->[com.facebook.android:facebook-common:9.0.0] AndroidManifest.xml:30:9-33:66
202            android:name="com.facebook.FacebookActivity"
202-->[com.facebook.android:facebook-common:9.0.0] AndroidManifest.xml:31:13-57
203            android:configChanges="keyboard|keyboardHidden|screenLayout|screenSize|orientation"
203-->[com.facebook.android:facebook-common:9.0.0] AndroidManifest.xml:32:13-96
204            android:theme="@style/com_facebook_activity_theme" />
204-->[com.facebook.android:facebook-common:9.0.0] AndroidManifest.xml:33:13-63
205        <activity android:name="com.facebook.CustomTabMainActivity" />
205-->[com.facebook.android:facebook-common:9.0.0] AndroidManifest.xml:34:9-71
205-->[com.facebook.android:facebook-common:9.0.0] AndroidManifest.xml:34:19-68
206        <activity
206-->[com.facebook.android:facebook-common:9.0.0] AndroidManifest.xml:35:9-49:20
207            android:name="com.facebook.CustomTabActivity"
207-->[com.facebook.android:facebook-common:9.0.0] AndroidManifest.xml:36:13-58
208            android:exported="true" >
208-->[com.facebook.android:facebook-common:9.0.0] AndroidManifest.xml:37:13-36
209            <intent-filter>
209-->[com.facebook.android:facebook-common:9.0.0] AndroidManifest.xml:39:13-48:29
210                <action android:name="android.intent.action.VIEW" />
210-->src/main/AndroidManifest.xml:14:7-58
210-->src/main/AndroidManifest.xml:14:15-56
211
212                <category android:name="android.intent.category.DEFAULT" />
212-->src/main/AndroidManifest.xml:33:9-67
212-->src/main/AndroidManifest.xml:33:19-65
213                <category android:name="android.intent.category.BROWSABLE" />
213-->src/main/AndroidManifest.xml:15:7-67
213-->src/main/AndroidManifest.xml:15:17-65
214
215                <data
215-->src/main/AndroidManifest.xml:16:7-37
216                    android:host="cct.com.eveels.app"
217                    android:scheme="fbconnect" />
217-->src/main/AndroidManifest.xml:16:13-35
218            </intent-filter>
219        </activity>
220        <activity
220-->[com.google.firebase:firebase-auth:21.0.1] AndroidManifest.xml:27:9-44:20
221            android:name="com.google.firebase.auth.internal.GenericIdpActivity"
221-->[com.google.firebase:firebase-auth:21.0.1] AndroidManifest.xml:28:13-80
222            android:excludeFromRecents="true"
222-->[com.google.firebase:firebase-auth:21.0.1] AndroidManifest.xml:29:13-46
223            android:exported="true"
223-->[com.google.firebase:firebase-auth:21.0.1] AndroidManifest.xml:30:13-36
224            android:launchMode="singleTask"
224-->[com.google.firebase:firebase-auth:21.0.1] AndroidManifest.xml:31:13-44
225            android:theme="@android:style/Theme.Translucent.NoTitleBar" >
225-->[com.google.firebase:firebase-auth:21.0.1] AndroidManifest.xml:32:13-72
226            <intent-filter>
226-->[com.google.firebase:firebase-auth:21.0.1] AndroidManifest.xml:33:13-43:29
227                <action android:name="android.intent.action.VIEW" />
227-->src/main/AndroidManifest.xml:14:7-58
227-->src/main/AndroidManifest.xml:14:15-56
228
229                <category android:name="android.intent.category.DEFAULT" />
229-->src/main/AndroidManifest.xml:33:9-67
229-->src/main/AndroidManifest.xml:33:19-65
230                <category android:name="android.intent.category.BROWSABLE" />
230-->src/main/AndroidManifest.xml:15:7-67
230-->src/main/AndroidManifest.xml:15:17-65
231
232                <data
232-->src/main/AndroidManifest.xml:16:7-37
233                    android:host="firebase.auth"
234                    android:path="/"
235                    android:scheme="genericidp" />
235-->src/main/AndroidManifest.xml:16:13-35
236            </intent-filter>
237        </activity>
238        <activity
238-->[com.google.firebase:firebase-auth:21.0.1] AndroidManifest.xml:45:9-62:20
239            android:name="com.google.firebase.auth.internal.RecaptchaActivity"
239-->[com.google.firebase:firebase-auth:21.0.1] AndroidManifest.xml:46:13-79
240            android:excludeFromRecents="true"
240-->[com.google.firebase:firebase-auth:21.0.1] AndroidManifest.xml:47:13-46
241            android:exported="true"
241-->[com.google.firebase:firebase-auth:21.0.1] AndroidManifest.xml:48:13-36
242            android:launchMode="singleTask"
242-->[com.google.firebase:firebase-auth:21.0.1] AndroidManifest.xml:49:13-44
243            android:theme="@android:style/Theme.Translucent.NoTitleBar" >
243-->[com.google.firebase:firebase-auth:21.0.1] AndroidManifest.xml:50:13-72
244            <intent-filter>
244-->[com.google.firebase:firebase-auth:21.0.1] AndroidManifest.xml:51:13-61:29
245                <action android:name="android.intent.action.VIEW" />
245-->src/main/AndroidManifest.xml:14:7-58
245-->src/main/AndroidManifest.xml:14:15-56
246
247                <category android:name="android.intent.category.DEFAULT" />
247-->src/main/AndroidManifest.xml:33:9-67
247-->src/main/AndroidManifest.xml:33:19-65
248                <category android:name="android.intent.category.BROWSABLE" />
248-->src/main/AndroidManifest.xml:15:7-67
248-->src/main/AndroidManifest.xml:15:17-65
249
250                <data
250-->src/main/AndroidManifest.xml:16:7-37
251                    android:host="firebase.auth"
252                    android:path="/"
253                    android:scheme="recaptcha" />
253-->src/main/AndroidManifest.xml:16:13-35
254            </intent-filter>
255        </activity>
256
257        <service
257-->[com.google.firebase:firebase-auth:21.0.1] AndroidManifest.xml:64:9-73:19
258            android:name="com.google.firebase.auth.api.fallback.service.FirebaseAuthFallbackService"
258-->[com.google.firebase:firebase-auth:21.0.1] AndroidManifest.xml:65:13-101
259            android:enabled="true"
259-->[com.google.firebase:firebase-auth:21.0.1] AndroidManifest.xml:66:13-35
260            android:exported="false" >
260-->[com.google.firebase:firebase-auth:21.0.1] AndroidManifest.xml:67:13-37
261            <intent-filter>
261-->[com.google.firebase:firebase-auth:21.0.1] AndroidManifest.xml:68:13-72:29
262                <action android:name="com.google.firebase.auth.api.gms.service.START" />
262-->[com.google.firebase:firebase-auth:21.0.1] AndroidManifest.xml:69:17-89
262-->[com.google.firebase:firebase-auth:21.0.1] AndroidManifest.xml:69:25-86
263
264                <category android:name="android.intent.category.DEFAULT" />
264-->src/main/AndroidManifest.xml:33:9-67
264-->src/main/AndroidManifest.xml:33:19-65
265            </intent-filter>
266        </service>
267
268        <activity
268-->[net.openid:appauth:0.7.1] AndroidManifest.xml:27:9-31:75
269            android:name="net.openid.appauth.AuthorizationManagementActivity"
269-->[net.openid:appauth:0.7.1] AndroidManifest.xml:28:13-78
270            android:exported="false"
270-->[net.openid:appauth:0.7.1] AndroidManifest.xml:29:13-37
271            android:launchMode="singleTask"
271-->[net.openid:appauth:0.7.1] AndroidManifest.xml:30:13-44
272            android:theme="@android:style/Theme.Translucent.NoTitleBar" />
272-->[net.openid:appauth:0.7.1] AndroidManifest.xml:31:13-72
273        <activity
273-->[net.openid:appauth:0.7.1] AndroidManifest.xml:32:9-43:20
274            android:name="net.openid.appauth.RedirectUriReceiverActivity"
274-->[net.openid:appauth:0.7.1] AndroidManifest.xml:33:13-74
275            android:exported="true" >
275-->[net.openid:appauth:0.7.1] AndroidManifest.xml:34:13-36
276            <intent-filter>
276-->[net.openid:appauth:0.7.1] AndroidManifest.xml:35:13-42:29
277                <action android:name="android.intent.action.VIEW" />
277-->src/main/AndroidManifest.xml:14:7-58
277-->src/main/AndroidManifest.xml:14:15-56
278
279                <category android:name="android.intent.category.DEFAULT" />
279-->src/main/AndroidManifest.xml:33:9-67
279-->src/main/AndroidManifest.xml:33:19-65
280                <category android:name="android.intent.category.BROWSABLE" />
280-->src/main/AndroidManifest.xml:15:7-67
280-->src/main/AndroidManifest.xml:15:17-65
281
282                <data android:scheme="https" />
282-->src/main/AndroidManifest.xml:16:7-37
282-->src/main/AndroidManifest.xml:16:13-35
283            </intent-filter>
284        </activity>
285        <activity
285-->[com.google.android.gms:play-services-auth:19.2.0] AndroidManifest.xml:23:9-27:75
286            android:name="com.google.android.gms.auth.api.signin.internal.SignInHubActivity"
286-->[com.google.android.gms:play-services-auth:19.2.0] AndroidManifest.xml:24:13-93
287            android:excludeFromRecents="true"
287-->[com.google.android.gms:play-services-auth:19.2.0] AndroidManifest.xml:25:13-46
288            android:exported="false"
288-->[com.google.android.gms:play-services-auth:19.2.0] AndroidManifest.xml:26:13-37
289            android:theme="@android:style/Theme.Translucent.NoTitleBar" />
289-->[com.google.android.gms:play-services-auth:19.2.0] AndroidManifest.xml:27:13-72
290        <!--
291            Service handling Google Sign-In user revocation. For apps that do not integrate with
292            Google Sign-In, this service will never be started.
293        -->
294        <service
294-->[com.google.android.gms:play-services-auth:19.2.0] AndroidManifest.xml:33:9-37:51
295            android:name="com.google.android.gms.auth.api.signin.RevocationBoundService"
295-->[com.google.android.gms:play-services-auth:19.2.0] AndroidManifest.xml:34:13-89
296            android:exported="true"
296-->[com.google.android.gms:play-services-auth:19.2.0] AndroidManifest.xml:35:13-36
297            android:permission="com.google.android.gms.auth.api.signin.permission.REVOCATION_NOTIFICATION"
297-->[com.google.android.gms:play-services-auth:19.2.0] AndroidManifest.xml:36:13-107
298            android:visibleToInstantApps="true" />
298-->[com.google.android.gms:play-services-auth:19.2.0] AndroidManifest.xml:37:13-48
299
300        <activity
300-->[com.google.android.gms:play-services-base:17.5.0] AndroidManifest.xml:23:9-26:75
301            android:name="com.google.android.gms.common.api.GoogleApiActivity"
301-->[com.google.android.gms:play-services-base:17.5.0] AndroidManifest.xml:24:13-79
302            android:exported="false"
302-->[com.google.android.gms:play-services-base:17.5.0] AndroidManifest.xml:25:13-37
303            android:theme="@android:style/Theme.Translucent.NoTitleBar" />
303-->[com.google.android.gms:play-services-base:17.5.0] AndroidManifest.xml:26:13-72
304
305        <provider
305-->[com.google.firebase:firebase-common:20.0.0] AndroidManifest.xml:26:9-31:39
306            android:name="com.google.firebase.provider.FirebaseInitProvider"
306-->[com.google.firebase:firebase-common:20.0.0] AndroidManifest.xml:27:13-77
307            android:authorities="com.eveels.app.firebaseinitprovider"
307-->[com.google.firebase:firebase-common:20.0.0] AndroidManifest.xml:28:13-72
308            android:directBootAware="true"